<?xml version='1.0' encoding='UTF-8'?>
<testsuite hostname="MacBook-Pro-Georgij.local" name="wikigraph.WikigraphSuite" tests="17" errors="0" failures="0" skipped="0" time="0.913" timestamp="2022-09-12T01:18:46">
          <properties>
[...]
</properties>
          <testcase classname="wikigraph.WikigraphSuite" name="zip without errors" time="0.25">
                      
                    </testcase><testcase classname="wikigraph.WikigraphSuite" name="zip with domain errors" time="0.059">
                      
                    </testcase><testcase classname="wikigraph.WikigraphSuite" name="zip with domain errors and failures" time="0.029">
                      
                    </testcase><testcase classname="wikigraph.WikigraphSuite" name="traverse without errors" time="0.06">
                      
                    </testcase><testcase classname="wikigraph.WikigraphSuite" name="traverse with domain errors" time="0.15">
                      
                    </testcase><testcase classname="wikigraph.WikigraphSuite" name="traverse with domain errors and failures" time="0.046">
                      
                    </testcase><testcase classname="wikigraph.WikigraphSuite" name="map" time="0.008">
                      
                    </testcase><testcase classname="wikigraph.WikigraphSuite" name="flatMap with a successful function" time="0.011">
                      
                    </testcase><testcase classname="wikigraph.WikigraphSuite" name="flatMap with a function producing a domain error" time="0.006">
                      
                    </testcase><testcase classname="wikigraph.WikigraphSuite" name="flatMap with a function producing a system failure" time="0.01">
                      
                    </testcase><testcase classname="wikigraph.WikigraphSuite" name="breadthFirstSearch finds unique path" time="0.023">
                      
                    </testcase><testcase classname="wikigraph.WikigraphSuite" name="breadthFirstSearch finds shortest path path" time="0.003">
                      
                    </testcase><testcase classname="wikigraph.WikigraphSuite" name="breadthFirstSearch exits when maxDepth is reached" time="0.003">
                      
                    </testcase><testcase classname="wikigraph.WikigraphSuite" name="breadthFirstSearch does not fail on errors" time="0.001">
                      
                    </testcase><testcase classname="wikigraph.WikigraphSuite" name="breadthFirstSearch does not get stuck in cycles" time="0.004">
                      
                    </testcase><testcase classname="wikigraph.WikigraphSuite" name="distanceMatrix" time="0.011">
                      
                    </testcase><testcase classname="wikigraph.WikigraphSuite" name="namedLinks" time="0.239">
                      
                    </testcase>
          <system-out><![CDATA[]]></system-out>
          <system-err><![CDATA[]]></system-err>
        </testsuite>